<?xml version="1.0" encoding="UTF-8"?>
<testng-results skipped="0" failed="1" ignored="0" total="6" passed="5">
  <reporter-output>
  </reporter-output>
  <suite name="Default suite" duration-ms="126687" started-at="2018-08-01T13:31:59Z" finished-at="2018-08-01T13:34:05Z">
    <groups>
      <group name="PhoneNUmber">
        <method signature="Scenario_Phonenumber.Permission()[pri:0, instance:Scenario_Component.Scenario_Phonenumber@704a52ec]" name="Permission" class="Scenario_Component.Scenario_Phonenumber"/>
        <method signature="Scenario_Phonenumber.Phoneno_Toast_Messages()[pri:2, instance:Scenario_Component.Scenario_Phonenumber@704a52ec]" name="Phoneno_Toast_Messages" class="Scenario_Component.Scenario_Phonenumber"/>
        <method signature="Scenario_Phonenumber.Phoneno_UI()[pri:1, instance:Scenario_Component.Scenario_Phonenumber@704a52ec]" name="Phoneno_UI" class="Scenario_Component.Scenario_Phonenumber"/>
      </group> <!-- PhoneNUmber -->
    </groups>
    <test name="Default test" duration-ms="126687" started-at="2018-08-01T13:31:59Z" finished-at="2018-08-01T13:34:05Z">
      <class name="Scenario_Component.Scenario_Phonenumber">
        <test-method status="PASS" signature="start()[pri:0, instance:Scenario_Component.Scenario_Phonenumber@704a52ec]" name="start" is-config="true" duration-ms="5807" started-at="2018-08-01T13:31:53Z" finished-at="2018-08-01T13:31:59Z">
          <reporter-output>
          </reporter-output>
        </test-method> <!-- start -->
        <test-method status="PASS" signature="initapp()[pri:0, instance:Scenario_Component.Scenario_Phonenumber@704a52ec]" name="initapp" is-config="true" duration-ms="23474" started-at="2018-08-01T13:31:59Z" finished-at="2018-08-01T13:32:22Z">
          <reporter-output>
          </reporter-output>
        </test-method> <!-- initapp -->
        <test-method status="PASS" signature="Permission()[pri:0, instance:Scenario_Component.Scenario_Phonenumber@704a52ec]" name="Permission" duration-ms="9812" started-at="2018-08-01T13:32:22Z" finished-at="2018-08-01T13:32:32Z">
          <reporter-output>
          </reporter-output>
        </test-method> <!-- Permission -->
        <test-method status="PASS" signature="Phoneno_UI()[pri:1, instance:Scenario_Component.Scenario_Phonenumber@704a52ec]" name="Phoneno_UI" duration-ms="2980" started-at="2018-08-01T13:32:32Z" finished-at="2018-08-01T13:32:35Z">
          <reporter-output>
          </reporter-output>
        </test-method> <!-- Phoneno_UI -->
        <test-method status="FAIL" signature="Phoneno_Toast_Messages()[pri:2, instance:Scenario_Component.Scenario_Phonenumber@704a52ec]" name="Phoneno_Toast_Messages" duration-ms="59922" started-at="2018-08-01T13:32:35Z" finished-at="2018-08-01T13:33:35Z">
          <exception class="java.lang.AssertionError">
            <message>
              <![CDATA[P:0/1 ~|dX:00 |dY:0.0 Xv:00 _Yv:00 ER RES
Fastrack REFLEX
PoweredBy (QV |
Register with your phone number

{
p
| agree to the Terms and Conditions
Please enter a valid phone number
SUBMIT
 expected [true] but found [false]]]>
            </message>
            <full-stacktrace>
              <![CDATA[java.lang.AssertionError: P:0/1 ~|dX:00 |dY:0.0 Xv:00 _Yv:00 ER RES
Fastrack REFLEX
PoweredBy (QV |
Register with your phone number

{
p
| agree to the Terms and Conditions
Please enter a valid phone number
SUBMIT
 expected [true] but found [false]
at org.testng.Assert.fail(Assert.java:96)
at org.testng.Assert.failNotEquals(Assert.java:776)
at org.testng.Assert.assertTrue(Assert.java:44)
at PageObject_Component.PageObject_phonenumber.accept_tc_errortoast(PageObject_phonenumber.java:188)
at PageObject_Component.PageObject_phonenumber.verify_toastmessages(PageObject_phonenumber.java:175)
at Scenario_Component.Scenario_Phonenumber.Phoneno_Toast_Messages(Scenario_Phonenumber.java:84)
at sun.reflect.NativeMethodAccessorImpl.invoke0(Native Method)
at sun.reflect.NativeMethodAccessorImpl.invoke(NativeMethodAccessorImpl.java:62)
at sun.reflect.DelegatingMethodAccessorImpl.invoke(DelegatingMethodAccessorImpl.java:43)
at java.lang.reflect.Method.invoke(Method.java:498)
at org.testng.internal.MethodInvocationHelper.invokeMethod(MethodInvocationHelper.java:124)
at org.testng.internal.Invoker.invokeMethod(Invoker.java:580)
at org.testng.internal.Invoker.invokeTestMethod(Invoker.java:716)
at org.testng.internal.Invoker.invokeTestMethods(Invoker.java:988)
at org.testng.internal.TestMethodWorker.invokeTestMethods(TestMethodWorker.java:125)
at org.testng.internal.TestMethodWorker.run(TestMethodWorker.java:109)
at org.testng.TestRunner.privateRun(TestRunner.java:648)
at org.testng.TestRunner.run(TestRunner.java:505)
at org.testng.SuiteRunner.runTest(SuiteRunner.java:455)
at org.testng.SuiteRunner.runSequentially(SuiteRunner.java:450)
at org.testng.SuiteRunner.privateRun(SuiteRunner.java:415)
at org.testng.SuiteRunner.run(SuiteRunner.java:364)
at org.testng.SuiteRunnerWorker.runSuite(SuiteRunnerWorker.java:52)
at org.testng.SuiteRunnerWorker.run(SuiteRunnerWorker.java:84)
at org.testng.TestNG.runSuitesSequentially(TestNG.java:1208)
at org.testng.TestNG.runSuitesLocally(TestNG.java:1137)
at org.testng.TestNG.runSuites(TestNG.java:1049)
at org.testng.TestNG.run(TestNG.java:1017)
at org.testng.remote.AbstractRemoteTestNG.run(AbstractRemoteTestNG.java:114)
at org.testng.remote.RemoteTestNG.initAndRun(RemoteTestNG.java:251)
at org.testng.remote.RemoteTestNG.main(RemoteTestNG.java:77)
]]>
            </full-stacktrace>
          </exception> <!-- java.lang.AssertionError -->
          <reporter-output>
          </reporter-output>
        </test-method> <!-- Phoneno_Toast_Messages -->
        <test-method status="PASS" signature="Verify_Country_UI()[pri:3, instance:Scenario_Component.Scenario_Phonenumber@704a52ec]" name="Verify_Country_UI" duration-ms="4279" started-at="2018-08-01T13:33:35Z" description="Verify the country field" finished-at="2018-08-01T13:33:39Z">
          <reporter-output>
          </reporter-output>
        </test-method> <!-- Verify_Country_UI -->
        <test-method status="PASS" signature="Verify_TermPDF()[pri:4, instance:Scenario_Component.Scenario_Phonenumber@704a52ec]" name="Verify_TermPDF" duration-ms="9882" started-at="2018-08-01T13:33:39Z" finished-at="2018-08-01T13:33:49Z">
          <reporter-output>
          </reporter-output>
        </test-method> <!-- Verify_TermPDF -->
        <test-method status="PASS" signature="Moveto_OTP()[pri:5, instance:Scenario_Component.Scenario_Phonenumber@704a52ec]" name="Moveto_OTP" duration-ms="16274" started-at="2018-08-01T13:33:49Z" finished-at="2018-08-01T13:34:05Z">
          <reporter-output>
          </reporter-output>
        </test-method> <!-- Moveto_OTP -->
        <test-method status="PASS" signature="uninstall()[pri:0, instance:Scenario_Component.Scenario_Phonenumber@704a52ec]" name="uninstall" is-config="true" duration-ms="2" started-at="2018-08-01T13:34:05Z" finished-at="2018-08-01T13:34:05Z">
          <reporter-output>
          </reporter-output>
        </test-method> <!-- uninstall -->
      </class> <!-- Scenario_Component.Scenario_Phonenumber -->
    </test> <!-- Default test -->
  </suite> <!-- Default suite -->
</testng-results>
